[0.202s] colcon DEBUG Command line arguments: ['/usr/bin/colcon', 'list', '-p', '--base-paths', '/home/song/angel_ss_docker/angel_controller']
[0.202s] colcon DEBUG Parsed command line arguments: Namespace(base_paths=['/home/song/angel_ss_docker/angel_controller'], build_base='build', ignore_user_meta=False, log_base=None, log_level=None, main=<bound method ListVerb.main of <colcon_package_information.verb.list.ListVerb object at 0x7fa7a8ea1790>>, metas=['./colcon.meta'], names_only=False, packages_above=None, packages_above_and_dependencies=None, packages_above_depth=None, packages_end=None, packages_ignore=None, packages_ignore_regex=None, packages_select=None, packages_select_build_failed=False, packages_select_by_dep=None, packages_select_regex=None, packages_select_test_failures=False, packages_skip=None, packages_skip_build_finished=False, packages_skip_by_dep=None, packages_skip_regex=None, packages_skip_test_passed=False, packages_skip_up_to=None, packages_start=None, packages_up_to=None, packages_up_to_regex=None, paths=None, paths_only=True, topological_graph=False, topological_graph_density=False, topological_graph_dot=False, topological_graph_dot_cluster=False, topological_graph_dot_include_skipped=False, topological_graph_legend=False, topological_order=False, verb_extension=<colcon_package_information.verb.list.ListVerb object at 0x7fa7a8ea1790>, verb_name='list', verb_parser=<colcon_defaults.argument_parser.defaults.DefaultArgumentsDecorator object at 0x7fa7a8e1d4f0>)
[0.218s] colcon.colcon_core.package_discovery Level 1 discover_packages(colcon_meta) check parameters
[0.218s] colcon.colcon_core.package_discovery Level 1 discover_packages(recursive) check parameters
[0.218s] colcon.colcon_core.package_discovery Level 1 discover_packages(ignore) check parameters
[0.218s] colcon.colcon_core.package_discovery Level 1 discover_packages(path) check parameters
[0.218s] colcon.colcon_core.package_discovery Level 1 discover_packages(recursive) discover
[0.218s] colcon.colcon_core.package_discovery INFO Crawling recursively for packages in '/home/song/angel_ss_docker/angel_controller'
[0.218s] colcon.colcon_core.package_identification Level 1 _identify(/home/song/angel_ss_docker/angel_controller) by extensions ['ignore', 'ignore_ament_install']
[0.218s] colcon.colcon_core.package_identification Level 1 _identify(/home/song/angel_ss_docker/angel_controller) by extension 'ignore'
[0.218s] colcon.colcon_core.package_identification Level 1 _identify(/home/song/angel_ss_docker/angel_controller) by extension 'ignore_ament_install'
[0.218s] colcon.colcon_core.package_identification Level 1 _identify(/home/song/angel_ss_docker/angel_controller) by extensions ['colcon_pkg']
[0.218s] colcon.colcon_core.package_identification Level 1 _identify(/home/song/angel_ss_docker/angel_controller) by extension 'colcon_pkg'
[0.218s] colcon.colcon_core.package_identification Level 1 _identify(/home/song/angel_ss_docker/angel_controller) by extensions ['colcon_meta']
[0.218s] colcon.colcon_core.package_identification Level 1 _identify(/home/song/angel_ss_docker/angel_controller) by extension 'colcon_meta'
[0.218s] colcon.colcon_core.package_identification Level 1 _identify(/home/song/angel_ss_docker/angel_controller) by extensions ['ros']
[0.218s] colcon.colcon_core.package_identification Level 1 _identify(/home/song/angel_ss_docker/angel_controller) by extension 'ros'
[0.226s] colcon.colcon_core.package_identification Level 1 _identify(/home/song/angel_ss_docker/angel_controller) by extensions ['cmake', 'python']
[0.226s] colcon.colcon_core.package_identification Level 1 _identify(/home/song/angel_ss_docker/angel_controller) by extension 'cmake'
[0.226s] colcon.colcon_core.package_identification Level 1 _identify(/home/song/angel_ss_docker/angel_controller) by extension 'python'
[0.226s] colcon.colcon_core.package_identification Level 1 _identify(/home/song/angel_ss_docker/angel_controller) by extensions ['python_setup_py']
[0.226s] colcon.colcon_core.package_identification Level 1 _identify(/home/song/angel_ss_docker/angel_controller) by extension 'python_setup_py'
[0.226s] colcon.colcon_core.package_identification Level 1 _identify(/home/song/angel_ss_docker/angel_controller/log) by extensions ['ignore', 'ignore_ament_install']
[0.227s] colcon.colcon_core.package_identification Level 1 _identify(/home/song/angel_ss_docker/angel_controller/log) by extension 'ignore'
[0.227s] colcon.colcon_core.package_identification Level 1 _identify(/home/song/angel_ss_docker/angel_controller/log) ignored
[0.227s] colcon.colcon_core.package_identification Level 1 _identify(/home/song/angel_ss_docker/angel_controller/src) by extensions ['ignore', 'ignore_ament_install']
[0.227s] colcon.colcon_core.package_identification Level 1 _identify(/home/song/angel_ss_docker/angel_controller/src) by extension 'ignore'
[0.227s] colcon.colcon_core.package_identification Level 1 _identify(/home/song/angel_ss_docker/angel_controller/src) by extension 'ignore_ament_install'
[0.227s] colcon.colcon_core.package_identification Level 1 _identify(/home/song/angel_ss_docker/angel_controller/src) by extensions ['colcon_pkg']
[0.227s] colcon.colcon_core.package_identification Level 1 _identify(/home/song/angel_ss_docker/angel_controller/src) by extension 'colcon_pkg'
[0.227s] colcon.colcon_core.package_identification Level 1 _identify(/home/song/angel_ss_docker/angel_controller/src) by extensions ['colcon_meta']
[0.227s] colcon.colcon_core.package_identification Level 1 _identify(/home/song/angel_ss_docker/angel_controller/src) by extension 'colcon_meta'
[0.227s] colcon.colcon_core.package_identification Level 1 _identify(/home/song/angel_ss_docker/angel_controller/src) by extensions ['ros']
[0.227s] colcon.colcon_core.package_identification Level 1 _identify(/home/song/angel_ss_docker/angel_controller/src) by extension 'ros'
[0.227s] colcon.colcon_core.package_identification Level 1 _identify(/home/song/angel_ss_docker/angel_controller/src) by extensions ['cmake', 'python']
[0.227s] colcon.colcon_core.package_identification Level 1 _identify(/home/song/angel_ss_docker/angel_controller/src) by extension 'cmake'
[0.227s] colcon.colcon_core.package_identification Level 1 _identify(/home/song/angel_ss_docker/angel_controller/src) by extension 'python'
[0.227s] colcon.colcon_core.package_identification Level 1 _identify(/home/song/angel_ss_docker/angel_controller/src) by extensions ['python_setup_py']
[0.227s] colcon.colcon_core.package_identification Level 1 _identify(/home/song/angel_ss_docker/angel_controller/src) by extension 'python_setup_py'
[0.227s] colcon.colcon_core.package_identification Level 1 _identify(/home/song/angel_ss_docker/angel_controller/src/angel_ss) by extensions ['ignore', 'ignore_ament_install']
[0.227s] colcon.colcon_core.package_identification Level 1 _identify(/home/song/angel_ss_docker/angel_controller/src/angel_ss) by extension 'ignore'
[0.227s] colcon.colcon_core.package_identification Level 1 _identify(/home/song/angel_ss_docker/angel_controller/src/angel_ss) by extension 'ignore_ament_install'
[0.227s] colcon.colcon_core.package_identification Level 1 _identify(/home/song/angel_ss_docker/angel_controller/src/angel_ss) by extensions ['colcon_pkg']
[0.227s] colcon.colcon_core.package_identification Level 1 _identify(/home/song/angel_ss_docker/angel_controller/src/angel_ss) by extension 'colcon_pkg'
[0.227s] colcon.colcon_core.package_identification Level 1 _identify(/home/song/angel_ss_docker/angel_controller/src/angel_ss) by extensions ['colcon_meta']
[0.227s] colcon.colcon_core.package_identification Level 1 _identify(/home/song/angel_ss_docker/angel_controller/src/angel_ss) by extension 'colcon_meta'
[0.227s] colcon.colcon_core.package_identification Level 1 _identify(/home/song/angel_ss_docker/angel_controller/src/angel_ss) by extensions ['ros']
[0.227s] colcon.colcon_core.package_identification Level 1 _identify(/home/song/angel_ss_docker/angel_controller/src/angel_ss) by extension 'ros'
[0.229s] colcon.colcon_core.package_identification DEBUG Package '/home/song/angel_ss_docker/angel_controller/src/angel_ss' with type 'ros.ament_python' and name 'angel_ss'
[0.229s] colcon.colcon_core.package_identification Level 1 _identify(/home/song/angel_ss_docker/angel_controller/src/angel_update) by extensions ['ignore', 'ignore_ament_install']
[0.229s] colcon.colcon_core.package_identification Level 1 _identify(/home/song/angel_ss_docker/angel_controller/src/angel_update) by extension 'ignore'
[0.229s] colcon.colcon_core.package_identification Level 1 _identify(/home/song/angel_ss_docker/angel_controller/src/angel_update) by extension 'ignore_ament_install'
[0.229s] colcon.colcon_core.package_identification Level 1 _identify(/home/song/angel_ss_docker/angel_controller/src/angel_update) by extensions ['colcon_pkg']
[0.229s] colcon.colcon_core.package_identification Level 1 _identify(/home/song/angel_ss_docker/angel_controller/src/angel_update) by extension 'colcon_pkg'
[0.229s] colcon.colcon_core.package_identification Level 1 _identify(/home/song/angel_ss_docker/angel_controller/src/angel_update) by extensions ['colcon_meta']
[0.229s] colcon.colcon_core.package_identification Level 1 _identify(/home/song/angel_ss_docker/angel_controller/src/angel_update) by extension 'colcon_meta'
[0.229s] colcon.colcon_core.package_identification Level 1 _identify(/home/song/angel_ss_docker/angel_controller/src/angel_update) by extensions ['ros']
[0.229s] colcon.colcon_core.package_identification Level 1 _identify(/home/song/angel_ss_docker/angel_controller/src/angel_update) by extension 'ros'
[0.230s] colcon.colcon_core.package_identification DEBUG Package '/home/song/angel_ss_docker/angel_controller/src/angel_update' with type 'ros.ament_python' and name 'angel_update'
[0.230s] colcon.colcon_core.package_identification Level 1 _identify(/home/song/angel_ss_docker/angel_controller/src/log) by extensions ['ignore', 'ignore_ament_install']
[0.230s] colcon.colcon_core.package_identification Level 1 _identify(/home/song/angel_ss_docker/angel_controller/src/log) by extension 'ignore'
[0.230s] colcon.colcon_core.package_identification Level 1 _identify(/home/song/angel_ss_docker/angel_controller/src/log) ignored
[0.230s] colcon.colcon_core.package_discovery Level 1 discover_packages(recursive) using defaults
